Arguments: 
  C:\Users\vbifn\.nvm\versions\node\v17.3.1\bin\node.exe C:\Users\vbifn\.nvm\versions\node\v17.3.1\bin\node_modules\yarn\bin\yarn.js add vue vue-resourse

PATH: 
  C:\Users\vbifn\.nvm\versions\node\v17.3.1\bin;C:\Program Files\Git\mingw64\bin;C:\Program Files\Git\usr\bin;C:\Users\vbifn\bin;C:\Users\vbifn\Coffee_project-Server\node_modules\.bin;C:\Program Files (x86)\NVIDIA Corporation\PhysX\Common;C:\ProgramData\Oracle\Java\javapath;C:\Windows\system32;C:\Windows;C:\Windows\System32\Wbem;C:\Windows\System32\WindowsPowerShell\v1.0;C:\Windows\System32\OpenSSH;C:\Program Files\Microsoft SQL Server\130\Tools\Binn;C:\Program Files\Git\cmd;C:\Program Files\dotnet;C:\Program Files (x86)\Microsoft SQL Server\150\DTS\Binn;C:\Program Files\Azure Data Studio\bin;C:\Users\vbifn\AppData\Local\Microsoft\WindowsApps;C:\Users\vbifn\.dotnet\tools;C:\Program Files\Azure Data Studio\bin

Yarn version: 
  1.22.17

Node version: 
  17.3.1

Platform: 
  win32 x64

Trace: 
  Error: https://registry.yarnpkg.com/vue-resourse: Not found
      at Request.params.callback [as _callback] (C:\Users\vbifn\.nvm\versions\node\v17.3.1\bin\node_modules\yarn\lib\cli.js:67029:18)
      at Request.self.callback (C:\Users\vbifn\.nvm\versions\node\v17.3.1\bin\node_modules\yarn\lib\cli.js:140883:22)
      at Request.emit (node:events:390:28)
      at Request.<anonymous> (C:\Users\vbifn\.nvm\versions\node\v17.3.1\bin\node_modules\yarn\lib\cli.js:141855:10)
      at Request.emit (node:events:390:28)
      at IncomingMessage.<anonymous> (C:\Users\vbifn\.nvm\versions\node\v17.3.1\bin\node_modules\yarn\lib\cli.js:141777:12)
      at Object.onceWrapper (node:events:509:28)
      at IncomingMessage.emit (node:events:402:35)
      at endReadableNT (node:internal/streams/readable:1343:12)
      at processTicksAndRejections (node:internal/process/task_queues:83:21)

npm manifest: 
  {
    "name": "npm-start",
    "version": "1.0.0",
    "description": "",
    "main": "index.js",
    "scripts": {
      "test": "echo \"Error: no test specified\" && exit 1"
    },
    "repository": "git+https://github.com/andreyka-konareyka/Coffee_project.git",
    "author": "Russakura8 <vbifntht@gmail.com>",
    "license": "ISC",
    "bugs": {
      "url": "https://github.com/andreyka-konareyka/Coffee_project/issues"
    },
    "homepage": "https://github.com/andreyka-konareyka/Coffee_project#readme"
  }

yarn manifest: 
  No manifest

Lockfile: 
  No lockfile
